<?xml version="1.0" encoding="UTF-8"?>
<!-- Generated by org.testng.reporters.JUnitReportReporter -->
<testsuite hostname="DESKTOP-GVIFE8M" failures="0" tests="1" name="com.nanosoft.EOD.Test.LoginTest" time="8.531" errors="0" timestamp="2021-01-31T09:26:22 BDT" skipped="0">
  <testcase classname="com.nanosoft.EOD.Test.LoginTest" name="logintest" time="8.531"/>
  <system-out/>
</testsuite> <!-- com.nanosoft.EOD.Test.LoginTest -->
