<?xml version="1.0" encoding="UTF-8"?>
<!-- Generated by org.testng.reporters.JUnitReportReporter -->
<testsuite hostname="DESKTOP-GVIFE8M" failures="0" tests="1" name="com.nanosoft.EOD.Test.PIOLogin" time="7.546" errors="0" timestamp="2021-02-23T15:36:59 BDT" skipped="0">
  <testcase classname="com.nanosoft.EOD.Test.PIOLogin" name="logintest" time="7.546"/>
  <system-out/>
</testsuite> <!-- com.nanosoft.EOD.Test.PIOLogin -->
