<?xml version="1.0" encoding="UTF-8"?>
<!-- Generated by org.testng.reporters.JUnitReportReporter -->
<testsuite hostname="DESKTOP-GVIFE8M" failures="0" tests="1" name="com.nanosoft.EOD.Test.ShelterCenterSituation" time="13.893" errors="0" timestamp="2021-02-22T12:39:32 BDT" skipped="0">
  <testcase classname="com.nanosoft.EOD.Test.ShelterCenterSituation" name="SheltercenterSituationForm" time="13.893"/>
  <system-out/>
</testsuite> <!-- com.nanosoft.EOD.Test.ShelterCenterSituation -->
