<?xml version="1.0" encoding="UTF-8"?>
<!-- Generated by org.testng.reporters.JUnitReportReporter -->
<testsuite hostname="DESKTOP-GVIFE8M" failures="0" tests="1" name="com.nanosoft.EOD.Test.PioNewDFormTest" time="84.496" errors="0" timestamp="2021-02-23T15:36:59 BDT" skipped="0">
  <testcase classname="com.nanosoft.EOD.Test.PioNewDFormTest" name="NewDformAdd" time="84.496"/>
  <system-out/>
</testsuite> <!-- com.nanosoft.EOD.Test.PioNewDFormTest -->
