<?xml version="1.0" encoding="UTF-8"?>
<!-- Generated by org.testng.reporters.JUnitReportReporter -->
<testsuite hostname="SQA" failures="0" tests="1" name="com.nanosoft.EOD.Test.PIOFloodFormTest" time="29.213" errors="0" timestamp="2021-02-03T11:09:41 BDT" skipped="0">
  <testcase classname="com.nanosoft.EOD.Test.PIOFloodFormTest" name="FloodFormList" time="29.213"/>
  <system-out/>
</testsuite> <!-- com.nanosoft.EOD.Test.PIOFloodFormTest -->
