<?xml version="1.0" encoding="UTF-8"?>
<!-- Generated by org.testng.reporters.JUnitReportReporter -->
<testsuite hostname="SQA" failures="0" tests="1" name="com.nanosoft.EOD.Test.LoginTest" time="12.384" errors="0" timestamp="2021-02-03T11:14:44 BDT" skipped="0">
  <testcase classname="com.nanosoft.EOD.Test.LoginTest" name="logintest" time="12.384"/>
  <system-out/>
</testsuite> <!-- com.nanosoft.EOD.Test.LoginTest -->
