<?xml version="1.0" encoding="UTF-8"?>
<!-- Generated by org.testng.reporters.JUnitReportReporter -->
<testsuite hostname="DESKTOP-GVIFE8M" failures="0" tests="1" name="com.nanosoft.EOD.Test.dashboardLogin$LoginTest" time="8.045" errors="0" timestamp="2021-02-14T11:06:55 BDT" skipped="0">
  <testcase classname="com.nanosoft.EOD.Test.dashboardLogin$LoginTest" name="logintest" time="8.045"/>
  <system-out/>
</testsuite> <!-- com.nanosoft.EOD.Test.dashboardLogin$LoginTest -->
