<?xml version="1.0" encoding="UTF-8"?>
<!-- Generated by org.testng.reporters.JUnitReportReporter -->
<testsuite hostname="SQA" failures="0" tests="1" name="com.nanosoft.EOD.Test.ShelterCenterSituation" time="16.781" errors="0" timestamp="2021-02-03T15:12:25 BDT" skipped="0">
  <testcase classname="com.nanosoft.EOD.Test.ShelterCenterSituation" name="SheltercenterSituationForm" time="16.781"/>
  <system-out/>
</testsuite> <!-- com.nanosoft.EOD.Test.ShelterCenterSituation -->
