<?xml version="1.0" encoding="UTF-8"?>
<!-- Generated by org.testng.reporters.JUnitReportReporter -->
<testsuite hostname="DESKTOP-GVIFE8M" failures="0" tests="1" name="com.nanosoft.EOD.Test.PioAreaTest" time="31.630" errors="0" timestamp="2021-02-17T15:47:17 BDT" skipped="0">
  <testcase classname="com.nanosoft.EOD.Test.PioAreaTest" name="Area" time="31.630"/>
  <system-out/>
</testsuite> <!-- com.nanosoft.EOD.Test.PioAreaTest -->
