<?xml version="1.0" encoding="UTF-8"?>
<!-- Generated by org.testng.reporters.JUnitReportReporter -->
<testsuite hostname="DESKTOP-GVIFE8M" failures="0" tests="1" name="com.nanosoft.EOD.Test.LoginTest" time="6.188" errors="0" timestamp="2021-02-11T14:25:26 BDT" skipped="0">
  <testcase classname="com.nanosoft.EOD.Test.LoginTest" name="logintest" time="6.188"/>
  <system-out/>
</testsuite> <!-- com.nanosoft.EOD.Test.LoginTest -->
